Using pre-set license
Built from '2020.3/release' branch; Version is '2020.3.1f1 (77a89f25062f) revision 7841951'; Using compiler version '192528614'; Build Type 'Release'
OS: 'Windows 10 Home; OS build 19042.867; Version 2009; 64bit' Language: 'ja' Physical Memory: 8079 MB
BatchMode: 1, IsHumanControllingUs: 0, StartBugReporterOnCrash: 0, Is64bit: 1, IsPro: 0

 COMMAND LINE ARGUMENTS:
C:\Program Files\Unity\Hub\Editor\2020.3.1f1\Editor\Unity.exe
-adb2
-batchMode
-noUpm
-name
AssetImportWorker0
-projectPath
E:/20210310git/boardgame
-logFile
Logs/AssetImportWorker0.log
-srvPort
62172
Successfully changed project path to: E:/20210310git/boardgame
E:/20210310git/boardgame
Using Asset Import Pipeline V2.
Refreshing native plugins compatible for Editor in 52.56 ms, found 0 plugins.
Preloading 0 native plugins for Editor in 0.00 ms.
Initialize engine version: 2020.3.1f1 (77a89f25062f)
[Subsystems] Discovering subsystems at path C:/Program Files/Unity/Hub/Editor/2020.3.1f1/Editor/Data/Resources/UnitySubsystems
[Subsystems] Discovering subsystems at path E:/20210310git/boardgame/Assets
GfxDevice: creating device client; threaded=0
Direct3D:
    Version:  Direct3D 11.0 [level 11.1]
    Renderer: Intel(R) UHD Graphics 620 (ID=0x5917)
    Vendor:   
    VRAM:     4039 MB
    Driver:   25.20.100.6444
Initialize mono
Mono path[0] = 'C:/Program Files/Unity/Hub/Editor/2020.3.1f1/Editor/Data/Managed'
Mono path[1] = 'C:/Program Files/Unity/Hub/Editor/2020.3.1f1/Editor/Data/MonoBleedingEdge/lib/mono/unityjit'
Mono config path = 'C:/Program Files/Unity/Hub/Editor/2020.3.1f1/Editor/Data/MonoBleedingEdge/etc'
Using monoOptions --debugger-agent=transport=dt_socket,embedding=1,server=y,suspend=n,address=127.0.0.1:56076
Begin MonoManager ReloadAssembly
Registering precompiled unity dll's ...
Register platform support module: C:/Program Files/Unity/Hub/Editor/2020.3.1f1/Editor/Data/PlaybackEngines/WebGLSupport/UnityEditor.WebGL.Extensions.dll
Register platform support module: C:/Program Files/Unity/Hub/Editor/2020.3.1f1/Editor/Data/PlaybackEngines/WindowsStandaloneSupport/UnityEditor.WindowsStandalone.Extensions.dll
Registered in 0.022979 seconds.
Native extension for WindowsStandalone target not found
Native extension for WebGL target not found
Refreshing native plugins compatible for Editor in 52.43 ms, found 0 plugins.
Preloading 0 native plugins for Editor in 0.00 ms.
Invoked RoslynAnalysisRunner static constructor.
RoslynAnalysisRunner will not be running.
RoslynAnalysisRunner has terminated.
Mono: successfully reloaded assembly
- Completed reload, in  5.125 seconds
Platform modules already initialized, skipping
Registering precompiled user dll's ...
Registered in 0.013439 seconds.
Begin MonoManager ReloadAssembly
Native extension for WindowsStandalone target not found
Native extension for WebGL target not found
Refreshing native plugins compatible for Editor in 1.79 ms, found 0 plugins.
Preloading 0 native plugins for Editor in 0.00 ms.
Invoked RoslynAnalysisRunner static constructor.
RoslynAnalysisRunner will not be running.
RoslynAnalysisRunner has terminated.
Mono: successfully reloaded assembly
- Completed reload, in  2.393 seconds
Platform modules already initialized, skipping
========================================================================
Worker process is ready to serve import requests
Launched and connected shader compiler UnityShaderCompiler.exe after 0.34 seconds
Refreshing native plugins compatible for Editor in 1.01 ms, found 0 plugins.
Preloading 0 native plugins for Editor in 0.00 ms.
Unloading 1178 Unused Serialized files (Serialized files now loaded: 0)
System memory in use before: 59.0 MB.
System memory in use after: 59.1 MB.

Unloading 11 unused Assets to reduce memory usage. Loaded Objects now: 1625.
Total: 3.357100 ms (FindLiveObjects: 0.402000 ms CreateObjectMapping: 0.114200 ms MarkObjects: 2.721600 ms  DeleteObjects: 0.116100 ms)

========================================================================
Received Import Request.
  path: Assets/Utsumi/Oder/Rotation.cs
  artifactKey: Guid(6b97edcf1b58e9e4395d3f87d3138b28) Importer(815301076,1909f56bfc062723c751e8b465ee728b)
Start importing Assets/Utsumi/Oder/Rotation.cs using Guid(6b97edcf1b58e9e4395d3f87d3138b28) Importer(815301076,1909f56bfc062723c751e8b465ee728b)  -> (artifact id: '1708aaed3c56b1c7c30bca8f4d824f5e') in 1.412797 seconds
  Import took 1.695887 seconds .

========================================================================
Received Prepare
Registering precompiled user dll's ...
Registered in 0.021256 seconds.
Begin MonoManager ReloadAssembly
Native extension for WindowsStandalone target not found
Native extension for WebGL target not found
Refreshing native plugins compatible for Editor in 1.10 ms, found 0 plugins.
Preloading 0 native plugins for Editor in 0.00 ms.
Invoked RoslynAnalysisRunner static constructor.
RoslynAnalysisRunner will not be running.
RoslynAnalysisRunner has terminated.
Mono: successfully reloaded assembly
- Completed reload, in  1.731 seconds
Platform modules already initialized, skipping
Refreshing native plugins compatible for Editor in 2.04 ms, found 0 plugins.
Preloading 0 native plugins for Editor in 0.00 ms.
Unloading 1173 Unused Serialized files (Serialized files now loaded: 0)
System memory in use before: 59.0 MB.
System memory in use after: 59.1 MB.

Unloading 6 unused Assets to reduce memory usage. Loaded Objects now: 1628.
Total: 6.450800 ms (FindLiveObjects: 0.338500 ms CreateObjectMapping: 0.100700 ms MarkObjects: 5.985200 ms  DeleteObjects: 0.023100 ms)

========================================================================
Received Import Request.
  Time since last request: 228.510625 seconds.
  path: Assets/Utsumi/Oder/Rotation.cs
  artifactKey: Guid(6b97edcf1b58e9e4395d3f87d3138b28) Importer(815301076,1909f56bfc062723c751e8b465ee728b)
Start importing Assets/Utsumi/Oder/Rotation.cs using Guid(6b97edcf1b58e9e4395d3f87d3138b28) Importer(815301076,1909f56bfc062723c751e8b465ee728b)  -> (artifact id: '01e5c047f740378b9cd19e8c4ac942ac') in 0.059737 seconds
  Import took 0.062830 seconds .

========================================================================
Received Prepare
Registering precompiled user dll's ...
Registered in 0.002623 seconds.
Begin MonoManager ReloadAssembly
Native extension for WindowsStandalone target not found
Native extension for WebGL target not found
Refreshing native plugins compatible for Editor in 1.64 ms, found 0 plugins.
Preloading 0 native plugins for Editor in 0.00 ms.
Invoked RoslynAnalysisRunner static constructor.
RoslynAnalysisRunner will not be running.
RoslynAnalysisRunner has terminated.
Mono: successfully reloaded assembly
- Completed reload, in  2.030 seconds
Platform modules already initialized, skipping
Refreshing native plugins compatible for Editor in 1.05 ms, found 0 plugins.
Preloading 0 native plugins for Editor in 0.00 ms.
Unloading 1173 Unused Serialized files (Serialized files now loaded: 0)
System memory in use before: 59.0 MB.
System memory in use after: 59.1 MB.

Unloading 6 unused Assets to reduce memory usage. Loaded Objects now: 1631.
Total: 2.248300 ms (FindLiveObjects: 0.207200 ms CreateObjectMapping: 0.068200 ms MarkObjects: 1.942800 ms  DeleteObjects: 0.028000 ms)

========================================================================
Received Import Request.
  Time since last request: 71.475390 seconds.
  path: Assets/Utsumi/Oder/Red Material.physicMaterial
  artifactKey: Guid(ba9c2028a6ce15249a1ed610cbcfd6a0) Importer(815301076,1909f56bfc062723c751e8b465ee728b)
Start importing Assets/Utsumi/Oder/Red Material.physicMaterial using Guid(ba9c2028a6ce15249a1ed610cbcfd6a0) Importer(815301076,1909f56bfc062723c751e8b465ee728b)  -> (artifact id: '8b632a45ae169914cbeed0c63f3f4d28') in 0.093189 seconds
  Import took 0.096218 seconds .

AssetImportWorkerClient::OnTransportError - code=2 error=End of file
